 
****************************************
Report : area
Design : RFILE
Version: P-2019.03
Date   : Sun Mar 14 00:03:06 2021
****************************************

Library(s) Used:

    slow (File: /usr/cad/CBDK_IC_Contest_v2.1/SynopsysDC/db/slow.db)

Number of ports:                        19969
Number of nets:                         60400
Number of cells:                        44282
Number of combinational cells:          43614
Number of sequential cells:               396
Number of macros/black boxes:               0
Number of buf/inv:                       9209
Number of references:                     403

Combinational area:             427536.019245
Buf/Inv area:                    36991.437641
Noncombinational area:           13618.239899
Macro/Black Box area:                0.000000
Net Interconnect area:      undefined  (No wire load specified)

Total cell area:                441154.259144
Total area:                 undefined
1
